This file contains any messages produced by compilers while
running configure, to aid debugging if configure makes a mistake.

It was created by libcap_utils configure 0.7.8, which was
generated by GNU Autoconf 2.68.  Invocation command line was

  $ ./configure 

## --------- ##
## Platform. ##
## --------- ##

hostname = mp
uname -m = i686
uname -r = 2.6.20.3
uname -s = Linux
uname -v = #4 Mon Sep 10 07:05:42 UTC 2007

/usr/bin/uname -p = unknown
/bin/uname -X     = unknown

/bin/arch              = unknown
/usr/bin/arch -k       = unknown
/usr/convex/getsysinfo = unknown
/usr/bin/hostinfo      = unknown
/bin/machine           = unknown
/usr/bin/oslevel       = unknown
/bin/universe          = unknown

PATH: /usr/local/foxit_reader_1_1
PATH: /sbin
PATH: /usr/sbin
PATH: /bin
PATH: /usr/bin
PATH: /opt/bin
PATH: /usr/local/dag/tools
PATH: /usr/local/bin
PATH: /sbin
PATH: /usr/sbin
PATH: /usr/local/bin


## ----------- ##
## Core tests. ##
## ----------- ##

configure:2429: checking for a BSD-compatible install
configure:2497: result: /usr/bin/install -c
configure:2508: checking whether build environment is sane
configure:2558: result: yes
configure:2699: checking for a thread-safe mkdir -p
configure:2738: result: /bin/mkdir -p
configure:2751: checking for gawk
configure:2767: found /usr/bin/gawk
configure:2778: result: gawk
configure:2789: checking whether make sets $(MAKE)
configure:2811: result: yes
configure:2902: checking whether make supports nested variables
configure:2919: result: yes
configure:2972: checking for style of include used by make
configure:3000: result: GNU
configure:3071: checking for gcc
configure:3087: found /usr/bin/gcc
configure:3098: result: gcc
configure:3327: checking for C compiler version
configure:3336: gcc --version >&5
gcc (GCC) 4.1.2 (CRUX)
Copyright (C) 2006 Free Software Foundation, Inc.
This is free software; see the source for copying conditions.  There is NO
warranty; not even for MERCHANTABILITY or FITNESS FOR A PARTICULAR PURPOSE.

configure:3347: $? = 0
configure:3336: gcc -v >&5
Using built-in specs.
Target: i686-pc-linux-gnu
Configured with: ../gcc-4.1.2/configure --prefix=/usr --libexecdir=/usr/lib --enable-languages=c,c++,objc --enable-threads=posix --enable-__cxa_atexit --enable-clocale=gnu --enable-shared --disable-nls --with-x=no
Thread model: posix
gcc version 4.1.2 (CRUX)
configure:3347: $? = 0
configure:3336: gcc -V >&5
gcc: '-V' option must have argument
configure:3347: $? = 1
configure:3336: gcc -qversion >&5
gcc: unrecognized option '-qversion'
gcc: no input files
configure:3347: $? = 1
configure:3367: checking whether the C compiler works
configure:3389: gcc    conftest.c  >&5
configure:3393: $? = 0
configure:3441: result: yes
configure:3444: checking for C compiler default output file name
configure:3446: result: a.out
configure:3452: checking for suffix of executables
configure:3459: gcc -o conftest    conftest.c  >&5
configure:3463: $? = 0
configure:3485: result: 
configure:3507: checking whether we are cross compiling
configure:3515: gcc -o conftest    conftest.c  >&5
configure:3519: $? = 0
configure:3526: ./conftest
configure:3530: $? = 0
configure:3545: result: no
configure:3550: checking for suffix of object files
configure:3572: gcc -c   conftest.c >&5
configure:3576: $? = 0
configure:3597: result: o
configure:3601: checking whether we are using the GNU C compiler
configure:3620: gcc -c   conftest.c >&5
configure:3620: $? = 0
configure:3629: result: yes
configure:3638: checking whether gcc accepts -g
configure:3658: gcc -c -g  conftest.c >&5
configure:3658: $? = 0
configure:3699: result: yes
configure:3716: checking for gcc option to accept ISO C89
configure:3780: gcc  -c -g -O2  conftest.c >&5
configure:3780: $? = 0
configure:3793: result: none needed
configure:3815: checking dependency style of gcc
configure:3926: result: gcc3
configure:3942: checking whether gcc and cc understand -c and -o together
configure:3973: gcc -c conftest.c -o conftest2.o >&5
configure:3977: $? = 0
configure:3983: gcc -c conftest.c -o conftest2.o >&5
configure:3987: $? = 0
configure:3998: cc -c conftest.c >&5
configure:4002: $? = 0
configure:4010: cc -c conftest.c -o conftest2.o >&5
configure:4014: $? = 0
configure:4020: cc -c conftest.c -o conftest2.o >&5
configure:4024: $? = 0
configure:4042: result: yes
configure:4052: checking for gcc option to accept ISO C99
configure:4201: gcc  -c -g -O2  conftest.c >&5
conftest.c:65: error: expected ';', ',' or ')' before 'text'
conftest.c: In function 'main':
conftest.c:119: error: expected '=', ',', ';', 'asm' or '__attribute__' before 'newvar'
conftest.c:119: error: 'newvar' undeclared (first use in this function)
conftest.c:119: error: (Each undeclared identifier is reported only once
conftest.c:119: error: for each function it appears in.)
conftest.c:129: error: 'for' loop initial declaration used outside C99 mode
configure:4201: $? = 1
configure: failed program was:
| /* confdefs.h */
| #define PACKAGE_NAME "libcap_utils"
| #define PACKAGE_TARNAME "libcap_utils"
| #define PACKAGE_VERSION "0.7.8"
| #define PACKAGE_STRING "libcap_utils 0.7.8"
| #define PACKAGE_BUGREPORT "dsv@bth.se"
| #define PACKAGE_URL ""
| #define PACKAGE "libcap_utils"
| #define VERSION "0.7.8"
| #define VERSION_MAJOR 0
| #define VERSION_MINOR 7
| #define VERSION_MICRO 8
| #define VERSION_FULL "0.7.8"
| /* end confdefs.h.  */
| #include <stdarg.h>
| #include <stdbool.h>
| #include <stdlib.h>
| #include <wchar.h>
| #include <stdio.h>
| 
| // Check varargs macros.  These examples are taken from C99 6.10.3.5.
| #define debug(...) fprintf (stderr, __VA_ARGS__)
| #define showlist(...) puts (#__VA_ARGS__)
| #define report(test,...) ((test) ? puts (#test) : printf (__VA_ARGS__))
| static void
| test_varargs_macros (void)
| {
|   int x = 1234;
|   int y = 5678;
|   debug ("Flag");
|   debug ("X = %d\n", x);
|   showlist (The first, second, and third items.);
|   report (x>y, "x is %d but y is %d", x, y);
| }
| 
| // Check long long types.
| #define BIG64 18446744073709551615ull
| #define BIG32 4294967295ul
| #define BIG_OK (BIG64 / BIG32 == 4294967297ull && BIG64 % BIG32 == 0)
| #if !BIG_OK
|   your preprocessor is broken;
| #endif
| #if BIG_OK
| #else
|   your preprocessor is broken;
| #endif
| static long long int bignum = -9223372036854775807LL;
| static unsigned long long int ubignum = BIG64;
| 
| struct incomplete_array
| {
|   int datasize;
|   double data[];
| };
| 
| struct named_init {
|   int number;
|   const wchar_t *name;
|   double average;
| };
| 
| typedef const char *ccp;
| 
| static inline int
| test_restrict (ccp restrict text)
| {
|   // See if C++-style comments work.
|   // Iterate through items via the restricted pointer.
|   // Also check for declarations in for loops.
|   for (unsigned int i = 0; *(text+i) != '\0'; ++i)
|     continue;
|   return 0;
| }
| 
| // Check varargs and va_copy.
| static void
| test_varargs (const char *format, ...)
| {
|   va_list args;
|   va_start (args, format);
|   va_list args_copy;
|   va_copy (args_copy, args);
| 
|   const char *str;
|   int number;
|   float fnumber;
| 
|   while (*format)
|     {
|       switch (*format++)
| 	{
| 	case 's': // string
| 	  str = va_arg (args_copy, const char *);
| 	  break;
| 	case 'd': // int
| 	  number = va_arg (args_copy, int);
| 	  break;
| 	case 'f': // float
| 	  fnumber = va_arg (args_copy, double);
| 	  break;
| 	default:
| 	  break;
| 	}
|     }
|   va_end (args_copy);
|   va_end (args);
| }
| 
| int
| main ()
| {
| 
|   // Check bool.
|   _Bool success = false;
| 
|   // Check restrict.
|   if (test_restrict ("String literal") == 0)
|     success = true;
|   char *restrict newvar = "Another string";
| 
|   // Check varargs.
|   test_varargs ("s, d' f .", "string", 65, 34.234);
|   test_varargs_macros ();
| 
|   // Check flexible array members.
|   struct incomplete_array *ia =
|     malloc (sizeof (struct incomplete_array) + (sizeof (double) * 10));
|   ia->datasize = 10;
|   for (int i = 0; i < ia->datasize; ++i)
|     ia->data[i] = i * 1.234;
| 
|   // Check named initializers.
|   struct named_init ni = {
|     .number = 34,
|     .name = L"Test wide string",
|     .average = 543.34343,
|   };
| 
|   ni.number = 58;
| 
|   int dynamic_array[ni.number];
|   dynamic_array[ni.number - 1] = 543;
| 
|   // work around unused variable warnings
|   return (!success || bignum == 0LL || ubignum == 0uLL || newvar[0] == 'x'
| 	  || dynamic_array[ni.number - 1] != 543);
| 
|   ;
|   return 0;
| }
configure:4201: gcc -std=gnu99 -c -g -O2  conftest.c >&5
configure:4201: $? = 0
configure:4221: result: -std=gnu99
configure:4287: checking for g++
configure:4303: found /usr/bin/g++
configure:4314: result: g++
configure:4341: checking for C++ compiler version
configure:4350: g++ --version >&5
g++ (GCC) 4.1.2 (CRUX)
Copyright (C) 2006 Free Software Foundation, Inc.
This is free software; see the source for copying conditions.  There is NO
warranty; not even for MERCHANTABILITY or FITNESS FOR A PARTICULAR PURPOSE.

configure:4361: $? = 0
configure:4350: g++ -v >&5
Using built-in specs.
Target: i686-pc-linux-gnu
Configured with: ../gcc-4.1.2/configure --prefix=/usr --libexecdir=/usr/lib --enable-languages=c,c++,objc --enable-threads=posix --enable-__cxa_atexit --enable-clocale=gnu --enable-shared --disable-nls --with-x=no
Thread model: posix
gcc version 4.1.2 (CRUX)
configure:4361: $? = 0
configure:4350: g++ -V >&5
g++: '-V' option must have argument
configure:4361: $? = 1
configure:4350: g++ -qversion >&5
g++: unrecognized option '-qversion'
g++: no input files
configure:4361: $? = 1
configure:4365: checking whether we are using the GNU C++ compiler
configure:4384: g++ -c   conftest.cpp >&5
configure:4384: $? = 0
configure:4393: result: yes
configure:4402: checking whether g++ accepts -g
configure:4422: g++ -c -g  conftest.cpp >&5
configure:4422: $? = 0
configure:4463: result: yes
configure:4488: checking dependency style of g++
configure:4599: result: gcc3
configure:4614: checking whether ln -s works
configure:4618: result: yes
configure:4631: checking how to run the C preprocessor
configure:4662: gcc -std=gnu99 -E  conftest.c
configure:4662: $? = 0
configure:4676: gcc -std=gnu99 -E  conftest.c
conftest.c:15:28: error: ac_nonexistent.h: No such file or directory
configure:4676: $? = 1
configure: failed program was:
| /* confdefs.h */
| #define PACKAGE_NAME "libcap_utils"
| #define PACKAGE_TARNAME "libcap_utils"
| #define PACKAGE_VERSION "0.7.8"
| #define PACKAGE_STRING "libcap_utils 0.7.8"
| #define PACKAGE_BUGREPORT "dsv@bth.se"
| #define PACKAGE_URL ""
| #define PACKAGE "libcap_utils"
| #define VERSION "0.7.8"
| #define VERSION_MAJOR 0
| #define VERSION_MINOR 7
| #define VERSION_MICRO 8
| #define VERSION_FULL "0.7.8"
| /* end confdefs.h.  */
| #include <ac_nonexistent.h>
configure:4701: result: gcc -std=gnu99 -E
configure:4721: gcc -std=gnu99 -E  conftest.c
configure:4721: $? = 0
configure:4735: gcc -std=gnu99 -E  conftest.c
conftest.c:15:28: error: ac_nonexistent.h: No such file or directory
configure:4735: $? = 1
configure: failed program was:
| /* confdefs.h */
| #define PACKAGE_NAME "libcap_utils"
| #define PACKAGE_TARNAME "libcap_utils"
| #define PACKAGE_VERSION "0.7.8"
| #define PACKAGE_STRING "libcap_utils 0.7.8"
| #define PACKAGE_BUGREPORT "dsv@bth.se"
| #define PACKAGE_URL ""
| #define PACKAGE "libcap_utils"
| #define VERSION "0.7.8"
| #define VERSION_MAJOR 0
| #define VERSION_MINOR 7
| #define VERSION_MICRO 8
| #define VERSION_FULL "0.7.8"
| /* end confdefs.h.  */
| #include <ac_nonexistent.h>
configure:4764: checking for grep that handles long lines and -e
configure:4822: result: /usr/bin/grep
configure:4827: checking for egrep
configure:4889: result: /usr/bin/grep -E
configure:4894: checking for ANSI C header files
configure:4914: gcc -std=gnu99 -c -g -O2  conftest.c >&5
configure:4914: $? = 0
configure:4987: gcc -std=gnu99 -o conftest -g -O2   conftest.c  >&5
configure:4987: $? = 0
configure:4987: ./conftest
configure:4987: $? = 0
configure:4998: result: yes
configure:5011: checking for sys/types.h
configure:5011: gcc -std=gnu99 -c -g -O2  conftest.c >&5
configure:5011: $? = 0
configure:5011: result: yes
configure:5011: checking for sys/stat.h
configure:5011: gcc -std=gnu99 -c -g -O2  conftest.c >&5
configure:5011: $? = 0
configure:5011: result: yes
configure:5011: checking for stdlib.h
configure:5011: gcc -std=gnu99 -c -g -O2  conftest.c >&5
configure:5011: $? = 0
configure:5011: result: yes
configure:5011: checking for string.h
configure:5011: gcc -std=gnu99 -c -g -O2  conftest.c >&5
configure:5011: $? = 0
configure:5011: result: yes
configure:5011: checking for memory.h
configure:5011: gcc -std=gnu99 -c -g -O2  conftest.c >&5
configure:5011: $? = 0
configure:5011: result: yes
configure:5011: checking for strings.h
configure:5011: gcc -std=gnu99 -c -g -O2  conftest.c >&5
configure:5011: $? = 0
configure:5011: result: yes
configure:5011: checking for inttypes.h
configure:5011: gcc -std=gnu99 -c -g -O2  conftest.c >&5
configure:5011: $? = 0
configure:5011: result: yes
configure:5011: checking for stdint.h
configure:5011: gcc -std=gnu99 -c -g -O2  conftest.c >&5
configure:5011: $? = 0
configure:5011: result: yes
configure:5011: checking for unistd.h
configure:5011: gcc -std=gnu99 -c -g -O2  conftest.c >&5
configure:5011: $? = 0
configure:5011: result: yes
configure:5024: checking minix/config.h usability
configure:5024: gcc -std=gnu99 -c -g -O2  conftest.c >&5
conftest.c:58:26: error: minix/config.h: No such file or directory
configure:5024: $? = 1
configure: failed program was:
| /* confdefs.h */
| #define PACKAGE_NAME "libcap_utils"
| #define PACKAGE_TARNAME "libcap_utils"
| #define PACKAGE_VERSION "0.7.8"
| #define PACKAGE_STRING "libcap_utils 0.7.8"
| #define PACKAGE_BUGREPORT "dsv@bth.se"
| #define PACKAGE_URL ""
| #define PACKAGE "libcap_utils"
| #define VERSION "0.7.8"
| #define VERSION_MAJOR 0
| #define VERSION_MINOR 7
| #define VERSION_MICRO 8
| #define VERSION_FULL "0.7.8"
| #define STDC_HEADERS 1
| #define HAVE_SYS_TYPES_H 1
| #define HAVE_SYS_STAT_H 1
| #define HAVE_STDLIB_H 1
| #define HAVE_STRING_H 1
| #define HAVE_MEMORY_H 1
| #define HAVE_STRINGS_H 1
| #define HAVE_INTTYPES_H 1
| #define HAVE_STDINT_H 1
| #define HAVE_UNISTD_H 1
| /* end confdefs.h.  */
| #include <stdio.h>
| #ifdef HAVE_SYS_TYPES_H
| # include <sys/types.h>
| #endif
| #ifdef HAVE_SYS_STAT_H
| # include <sys/stat.h>
| #endif
| #ifdef STDC_HEADERS
| # include <stdlib.h>
| # include <stddef.h>
| #else
| # ifdef HAVE_STDLIB_H
| #  include <stdlib.h>
| # endif
| #endif
| #ifdef HAVE_STRING_H
| # if !defined STDC_HEADERS && defined HAVE_MEMORY_H
| #  include <memory.h>
| # endif
| # include <string.h>
| #endif
| #ifdef HAVE_STRINGS_H
| # include <strings.h>
| #endif
| #ifdef HAVE_INTTYPES_H
| # include <inttypes.h>
| #endif
| #ifdef HAVE_STDINT_H
| # include <stdint.h>
| #endif
| #ifdef HAVE_UNISTD_H
| # include <unistd.h>
| #endif
| #include <minix/config.h>
configure:5024: result: no
configure:5024: checking minix/config.h presence
configure:5024: gcc -std=gnu99 -E  conftest.c
conftest.c:25:26: error: minix/config.h: No such file or directory
configure:5024: $? = 1
configure: failed program was:
| /* confdefs.h */
| #define PACKAGE_NAME "libcap_utils"
| #define PACKAGE_TARNAME "libcap_utils"
| #define PACKAGE_VERSION "0.7.8"
| #define PACKAGE_STRING "libcap_utils 0.7.8"
| #define PACKAGE_BUGREPORT "dsv@bth.se"
| #define PACKAGE_URL ""
| #define PACKAGE "libcap_utils"
| #define VERSION "0.7.8"
| #define VERSION_MAJOR 0
| #define VERSION_MINOR 7
| #define VERSION_MICRO 8
| #define VERSION_FULL "0.7.8"
| #define STDC_HEADERS 1
| #define HAVE_SYS_TYPES_H 1
| #define HAVE_SYS_STAT_H 1
| #define HAVE_STDLIB_H 1
| #define HAVE_STRING_H 1
| #define HAVE_MEMORY_H 1
| #define HAVE_STRINGS_H 1
| #define HAVE_INTTYPES_H 1
| #define HAVE_STDINT_H 1
| #define HAVE_UNISTD_H 1
| /* end confdefs.h.  */
| #include <minix/config.h>
configure:5024: result: no
configure:5024: checking for minix/config.h
configure:5024: result: no
configure:5045: checking whether it is safe to define __EXTENSIONS__
configure:5063: gcc -std=gnu99 -c -g -O2  conftest.c >&5
configure:5063: $? = 0
configure:5070: result: yes
configure:5144: checking build system type
configure:5158: result: i686-pc-linux-gnu
configure:5178: checking host system type
configure:5191: result: i686-pc-linux-gnu
configure:5232: checking how to print strings
configure:5259: result: printf
configure:5280: checking for a sed that does not truncate output
configure:5344: result: /bin/sed
configure:5362: checking for fgrep
configure:5424: result: /usr/bin/grep -F
configure:5459: checking for ld used by gcc -std=gnu99
configure:5526: result: /usr/bin/ld
configure:5533: checking if the linker (/usr/bin/ld) is GNU ld
configure:5548: result: yes
configure:5560: checking for BSD- or MS-compatible name lister (nm)
configure:5609: result: /usr/bin/nm -B
configure:5739: checking the name lister (/usr/bin/nm -B) interface
configure:5746: gcc -std=gnu99 -c -g -O2  conftest.c >&5
configure:5749: /usr/bin/nm -B "conftest.o"
configure:5752: output
00000000 B some_variable
configure:5759: result: BSD nm
configure:5763: checking the maximum length of command line arguments
configure:5893: result: 98304
configure:5910: checking whether the shell understands some XSI constructs
configure:5920: result: yes
configure:5924: checking whether the shell understands "+="
configure:5930: result: yes
configure:5965: checking how to convert i686-pc-linux-gnu file names to i686-pc-linux-gnu format
configure:6005: result: func_convert_file_noop
configure:6012: checking how to convert i686-pc-linux-gnu file names to toolchain format
configure:6032: result: func_convert_file_noop
configure:6039: checking for /usr/bin/ld option to reload object files
configure:6046: result: -r
configure:6120: checking for objdump
configure:6136: found /usr/bin/objdump
configure:6147: result: objdump
configure:6179: checking how to recognize dependent libraries
configure:6381: result: pass_all
configure:6466: checking for dlltool
configure:6496: result: no
configure:6526: checking how to associate runtime and link libraries
configure:6553: result: printf %s\n
configure:6613: checking for ar
configure:6629: found /usr/bin/ar
configure:6640: result: ar
configure:6677: checking for archiver @FILE support
configure:6694: gcc -std=gnu99 -c -g -O2  conftest.c >&5
configure:6694: $? = 0
configure:6697: ar cru libconftest.a @conftest.lst >&5
configure:6700: $? = 0
configure:6705: ar cru libconftest.a @conftest.lst >&5
ar: conftest.o: No such file or directory
configure:6708: $? = 1
configure:6720: result: @
configure:6778: checking for strip
configure:6794: found /usr/bin/strip
configure:6805: result: strip
configure:6877: checking for ranlib
configure:6893: found /usr/bin/ranlib
configure:6904: result: ranlib
configure:7006: checking command to parse /usr/bin/nm -B output from gcc -std=gnu99 object
configure:7126: gcc -std=gnu99 -c -g -O2  conftest.c >&5
configure:7129: $? = 0
configure:7133: /usr/bin/nm -B conftest.o \| sed -n -e 's/^.*[ ]\([ABCDGIRSTW][ABCDGIRSTW]*\)[ ][ ]*\([_A-Za-z][_A-Za-z0-9]*\)$/\1 \2 \2/p' | sed '/ __gnu_lto/d' \> conftest.nm
configure:7136: $? = 0
configure:7202: gcc -std=gnu99 -o conftest -g -O2   conftest.c conftstm.o >&5
configure:7205: $? = 0
configure:7243: result: ok
configure:7280: checking for sysroot
configure:7310: result: no
configure:7566: checking for mt
configure:7596: result: no
configure:7616: checking if : is a manifest tool
configure:7622: : '-?'
configure:7630: result: no
configure:8269: checking for dlfcn.h
configure:8269: gcc -std=gnu99 -c -g -O2  conftest.c >&5
configure:8269: $? = 0
configure:8269: result: yes
configure:8456: checking for objdir
configure:8471: result: .libs
configure:8742: checking if gcc -std=gnu99 supports -fno-rtti -fno-exceptions
configure:8760: gcc -std=gnu99 -c -g -O2  -fno-rtti -fno-exceptions conftest.c >&5
cc1: warning: command line option "-fno-rtti" is valid for C++/ObjC++ but not for C
configure:8764: $? = 0
configure:8777: result: no
configure:9104: checking for gcc -std=gnu99 option to produce PIC
configure:9111: result: -fPIC -DPIC
configure:9119: checking if gcc -std=gnu99 PIC flag -fPIC -DPIC works
configure:9137: gcc -std=gnu99 -c -g -O2  -fPIC -DPIC -DPIC conftest.c >&5
configure:9141: $? = 0
configure:9154: result: yes
configure:9183: checking if gcc -std=gnu99 static flag -static works
configure:9211: result: yes
configure:9226: checking if gcc -std=gnu99 supports -c -o file.o
configure:9247: gcc -std=gnu99 -c -g -O2  -o out/conftest2.o conftest.c >&5
configure:9251: $? = 0
configure:9273: result: yes
configure:9281: checking if gcc -std=gnu99 supports -c -o file.o
configure:9328: result: yes
configure:9361: checking whether the gcc -std=gnu99 linker (/usr/bin/ld) supports shared libraries
configure:10514: result: yes
configure:10551: checking whether -lc should be explicitly linked in
configure:10559: gcc -std=gnu99 -c -g -O2  conftest.c >&5
configure:10562: $? = 0
configure:10577: gcc -std=gnu99 -shared  -fPIC -DPIC conftest.o  -v -Wl,-soname -Wl,conftest -o conftest 2\>\&1 \| /usr/bin/grep  -lc  \>/dev/null 2\>\&1
configure:10580: $? = 0
configure:10594: result: no
configure:10754: checking dynamic linker characteristics
configure:11278: gcc -std=gnu99 -o conftest -g -O2   -Wl,-rpath -Wl,/foo conftest.c  >&5
configure:11278: $? = 0
configure:11500: result: GNU/Linux ld.so
configure:11607: checking how to hardcode library paths into programs
configure:11632: result: immediate
configure:12172: checking whether stripping libraries is possible
configure:12177: result: yes
configure:12212: checking if libtool supports shared libraries
configure:12214: result: yes
configure:12217: checking whether to build shared libraries
configure:12238: result: yes
configure:12241: checking whether to build static libraries
configure:12245: result: no
configure:12268: checking how to run the C++ preprocessor
configure:12295: g++ -E  conftest.cpp
configure:12295: $? = 0
configure:12309: g++ -E  conftest.cpp
conftest.cpp:32:28: error: ac_nonexistent.h: No such file or directory
configure:12309: $? = 1
configure: failed program was:
| /* confdefs.h */
| #define PACKAGE_NAME "libcap_utils"
| #define PACKAGE_TARNAME "libcap_utils"
| #define PACKAGE_VERSION "0.7.8"
| #define PACKAGE_STRING "libcap_utils 0.7.8"
| #define PACKAGE_BUGREPORT "dsv@bth.se"
| #define PACKAGE_URL ""
| #define PACKAGE "libcap_utils"
| #define VERSION "0.7.8"
| #define VERSION_MAJOR 0
| #define VERSION_MINOR 7
| #define VERSION_MICRO 8
| #define VERSION_FULL "0.7.8"
| #define STDC_HEADERS 1
| #define HAVE_SYS_TYPES_H 1
| #define HAVE_SYS_STAT_H 1
| #define HAVE_STDLIB_H 1
| #define HAVE_STRING_H 1
| #define HAVE_MEMORY_H 1
| #define HAVE_STRINGS_H 1
| #define HAVE_INTTYPES_H 1
| #define HAVE_STDINT_H 1
| #define HAVE_UNISTD_H 1
| #define __EXTENSIONS__ 1
| #define _ALL_SOURCE 1
| #define _GNU_SOURCE 1
| #define _POSIX_PTHREAD_SEMANTICS 1
| #define _TANDEM_SOURCE 1
| #define HAVE_DLFCN_H 1
| #define LT_OBJDIR ".libs/"
| /* end confdefs.h.  */
| #include <ac_nonexistent.h>
configure:12334: result: g++ -E
configure:12354: g++ -E  conftest.cpp
configure:12354: $? = 0
configure:12368: g++ -E  conftest.cpp
conftest.cpp:32:28: error: ac_nonexistent.h: No such file or directory
configure:12368: $? = 1
configure: failed program was:
| /* confdefs.h */
| #define PACKAGE_NAME "libcap_utils"
| #define PACKAGE_TARNAME "libcap_utils"
| #define PACKAGE_VERSION "0.7.8"
| #define PACKAGE_STRING "libcap_utils 0.7.8"
| #define PACKAGE_BUGREPORT "dsv@bth.se"
| #define PACKAGE_URL ""
| #define PACKAGE "libcap_utils"
| #define VERSION "0.7.8"
| #define VERSION_MAJOR 0
| #define VERSION_MINOR 7
| #define VERSION_MICRO 8
| #define VERSION_FULL "0.7.8"
| #define STDC_HEADERS 1
| #define HAVE_SYS_TYPES_H 1
| #define HAVE_SYS_STAT_H 1
| #define HAVE_STDLIB_H 1
| #define HAVE_STRING_H 1
| #define HAVE_MEMORY_H 1
| #define HAVE_STRINGS_H 1
| #define HAVE_INTTYPES_H 1
| #define HAVE_STDINT_H 1
| #define HAVE_UNISTD_H 1
| #define __EXTENSIONS__ 1
| #define _ALL_SOURCE 1
| #define _GNU_SOURCE 1
| #define _POSIX_PTHREAD_SEMANTICS 1
| #define _TANDEM_SOURCE 1
| #define HAVE_DLFCN_H 1
| #define LT_OBJDIR ".libs/"
| /* end confdefs.h.  */
| #include <ac_nonexistent.h>
configure:12537: checking for ld used by g++
configure:12604: result: /usr/bin/ld
configure:12611: checking if the linker (/usr/bin/ld) is GNU ld
configure:12626: result: yes
configure:12681: checking whether the g++ linker (/usr/bin/ld) supports shared libraries
configure:13686: result: yes
configure:13722: g++ -c -g -O2  conftest.cpp >&5
configure:13725: $? = 0
configure:14245: checking for g++ option to produce PIC
configure:14252: result: -fPIC -DPIC
configure:14260: checking if g++ PIC flag -fPIC -DPIC works
configure:14278: g++ -c -g -O2  -fPIC -DPIC -DPIC conftest.cpp >&5
configure:14282: $? = 0
configure:14295: result: yes
configure:14318: checking if g++ static flag -static works
configure:14346: result: yes
configure:14358: checking if g++ supports -c -o file.o
configure:14379: g++ -c -g -O2  -o out/conftest2.o conftest.cpp >&5
configure:14383: $? = 0
configure:14405: result: yes
configure:14410: checking if g++ supports -c -o file.o
configure:14457: result: yes
configure:14487: checking whether the g++ linker (/usr/bin/ld) supports shared libraries
configure:14523: result: yes
configure:14664: checking dynamic linker characteristics
configure:15344: result: GNU/Linux ld.so
configure:15397: checking how to hardcode library paths into programs
configure:15422: result: immediate
configure:15490: checking for special C compiler options needed for large files
configure:15535: result: no
configure:15541: checking for _FILE_OFFSET_BITS value needed for large files
configure:15566: gcc -std=gnu99 -c -g -O2  conftest.c >&5
conftest.c:38: warning: left shift count >= width of type
conftest.c:38: warning: left shift count >= width of type
conftest.c:40: error: size of array 'off_t_is_large' is negative
configure:15566: $? = 1
configure: failed program was:
| /* confdefs.h */
| #define PACKAGE_NAME "libcap_utils"
| #define PACKAGE_TARNAME "libcap_utils"
| #define PACKAGE_VERSION "0.7.8"
| #define PACKAGE_STRING "libcap_utils 0.7.8"
| #define PACKAGE_BUGREPORT "dsv@bth.se"
| #define PACKAGE_URL ""
| #define PACKAGE "libcap_utils"
| #define VERSION "0.7.8"
| #define VERSION_MAJOR 0
| #define VERSION_MINOR 7
| #define VERSION_MICRO 8
| #define VERSION_FULL "0.7.8"
| #define STDC_HEADERS 1
| #define HAVE_SYS_TYPES_H 1
| #define HAVE_SYS_STAT_H 1
| #define HAVE_STDLIB_H 1
| #define HAVE_STRING_H 1
| #define HAVE_MEMORY_H 1
| #define HAVE_STRINGS_H 1
| #define HAVE_INTTYPES_H 1
| #define HAVE_STDINT_H 1
| #define HAVE_UNISTD_H 1
| #define __EXTENSIONS__ 1
| #define _ALL_SOURCE 1
| #define _GNU_SOURCE 1
| #define _POSIX_PTHREAD_SEMANTICS 1
| #define _TANDEM_SOURCE 1
| #define HAVE_DLFCN_H 1
| #define LT_OBJDIR ".libs/"
| /* end confdefs.h.  */
| #include <sys/types.h>
|  /* Check that off_t can represent 2**63 - 1 correctly.
|     We can't simply define LARGE_OFF_T to be 9223372036854775807,
|     since some C++ compilers masquerading as C compilers
|     incorrectly reject 9223372036854775807.  */
| #define LARGE_OFF_T (((off_t) 1 << 62) - 1 + ((off_t) 1 << 62))
|   int off_t_is_large[(LARGE_OFF_T % 2147483629 == 721
| 		       && LARGE_OFF_T % 2147483647 == 1)
| 		      ? 1 : -1];
| int
| main ()
| {
| 
|   ;
|   return 0;
| }
configure:15590: gcc -std=gnu99 -c -g -O2  conftest.c >&5
configure:15590: $? = 0
configure:15598: result: 64
configure:15688: checking be64toh
configure:15700: gcc -std=gnu99 -c -g -O2  -Werror conftest.c >&5
cc1: warnings being treated as errors
conftest.c: In function 'foo':
conftest.c:36: warning: implicit declaration of function 'be64toh'
configure:15700: $? = 1
configure: failed program was:
| /* confdefs.h */
| #define PACKAGE_NAME "libcap_utils"
| #define PACKAGE_TARNAME "libcap_utils"
| #define PACKAGE_VERSION "0.7.8"
| #define PACKAGE_STRING "libcap_utils 0.7.8"
| #define PACKAGE_BUGREPORT "dsv@bth.se"
| #define PACKAGE_URL ""
| #define PACKAGE "libcap_utils"
| #define VERSION "0.7.8"
| #define VERSION_MAJOR 0
| #define VERSION_MINOR 7
| #define VERSION_MICRO 8
| #define VERSION_FULL "0.7.8"
| #define STDC_HEADERS 1
| #define HAVE_SYS_TYPES_H 1
| #define HAVE_SYS_STAT_H 1
| #define HAVE_STDLIB_H 1
| #define HAVE_STRING_H 1
| #define HAVE_MEMORY_H 1
| #define HAVE_STRINGS_H 1
| #define HAVE_INTTYPES_H 1
| #define HAVE_STDINT_H 1
| #define HAVE_UNISTD_H 1
| #define __EXTENSIONS__ 1
| #define _ALL_SOURCE 1
| #define _GNU_SOURCE 1
| #define _POSIX_PTHREAD_SEMANTICS 1
| #define _TANDEM_SOURCE 1
| #define HAVE_DLFCN_H 1
| #define LT_OBJDIR ".libs/"
| #define _FILE_OFFSET_BITS 64
| /* end confdefs.h.  */
| 
| #include <endian.h>
| #include <stdint.h>
| int foo(void){ uint64_t x = be64toh((uint64_t)0); }
| 
configure:15711: result: no
configure:15779: checking pfring.h usability
configure:15779: gcc -std=gnu99 -c -g -O2  conftest.c >&5
conftest.c:67:20: error: pfring.h: No such file or directory
configure:15779: $? = 1
configure: failed program was:
| /* confdefs.h */
| #define PACKAGE_NAME "libcap_utils"
| #define PACKAGE_TARNAME "libcap_utils"
| #define PACKAGE_VERSION "0.7.8"
| #define PACKAGE_STRING "libcap_utils 0.7.8"
| #define PACKAGE_BUGREPORT "dsv@bth.se"
| #define PACKAGE_URL ""
| #define PACKAGE "libcap_utils"
| #define VERSION "0.7.8"
| #define VERSION_MAJOR 0
| #define VERSION_MINOR 7
| #define VERSION_MICRO 8
| #define VERSION_FULL "0.7.8"
| #define STDC_HEADERS 1
| #define HAVE_SYS_TYPES_H 1
| #define HAVE_SYS_STAT_H 1
| #define HAVE_STDLIB_H 1
| #define HAVE_STRING_H 1
| #define HAVE_MEMORY_H 1
| #define HAVE_STRINGS_H 1
| #define HAVE_INTTYPES_H 1
| #define HAVE_STDINT_H 1
| #define HAVE_UNISTD_H 1
| #define __EXTENSIONS__ 1
| #define _ALL_SOURCE 1
| #define _GNU_SOURCE 1
| #define _POSIX_PTHREAD_SEMANTICS 1
| #define _TANDEM_SOURCE 1
| #define HAVE_DLFCN_H 1
| #define LT_OBJDIR ".libs/"
| #define _FILE_OFFSET_BITS 64
| #define NDEBUG 1
| /* end confdefs.h.  */
| #include <stdio.h>
| #ifdef HAVE_SYS_TYPES_H
| # include <sys/types.h>
| #endif
| #ifdef HAVE_SYS_STAT_H
| # include <sys/stat.h>
| #endif
| #ifdef STDC_HEADERS
| # include <stdlib.h>
| # include <stddef.h>
| #else
| # ifdef HAVE_STDLIB_H
| #  include <stdlib.h>
| # endif
| #endif
| #ifdef HAVE_STRING_H
| # if !defined STDC_HEADERS && defined HAVE_MEMORY_H
| #  include <memory.h>
| # endif
| # include <string.h>
| #endif
| #ifdef HAVE_STRINGS_H
| # include <strings.h>
| #endif
| #ifdef HAVE_INTTYPES_H
| # include <inttypes.h>
| #endif
| #ifdef HAVE_STDINT_H
| # include <stdint.h>
| #endif
| #ifdef HAVE_UNISTD_H
| # include <unistd.h>
| #endif
| #include <pfring.h>
configure:15779: result: no
configure:15779: checking pfring.h presence
configure:15779: gcc -std=gnu99 -E  conftest.c
conftest.c:34:20: error: pfring.h: No such file or directory
configure:15779: $? = 1
configure: failed program was:
| /* confdefs.h */
| #define PACKAGE_NAME "libcap_utils"
| #define PACKAGE_TARNAME "libcap_utils"
| #define PACKAGE_VERSION "0.7.8"
| #define PACKAGE_STRING "libcap_utils 0.7.8"
| #define PACKAGE_BUGREPORT "dsv@bth.se"
| #define PACKAGE_URL ""
| #define PACKAGE "libcap_utils"
| #define VERSION "0.7.8"
| #define VERSION_MAJOR 0
| #define VERSION_MINOR 7
| #define VERSION_MICRO 8
| #define VERSION_FULL "0.7.8"
| #define STDC_HEADERS 1
| #define HAVE_SYS_TYPES_H 1
| #define HAVE_SYS_STAT_H 1
| #define HAVE_STDLIB_H 1
| #define HAVE_STRING_H 1
| #define HAVE_MEMORY_H 1
| #define HAVE_STRINGS_H 1
| #define HAVE_INTTYPES_H 1
| #define HAVE_STDINT_H 1
| #define HAVE_UNISTD_H 1
| #define __EXTENSIONS__ 1
| #define _ALL_SOURCE 1
| #define _GNU_SOURCE 1
| #define _POSIX_PTHREAD_SEMANTICS 1
| #define _TANDEM_SOURCE 1
| #define HAVE_DLFCN_H 1
| #define LT_OBJDIR ".libs/"
| #define _FILE_OFFSET_BITS 64
| #define NDEBUG 1
| /* end confdefs.h.  */
| #include <pfring.h>
configure:15779: result: no
configure:15779: checking for pfring.h
configure:15779: result: no
configure:15785: checking for pfring_open in -lpfring
configure:15810: gcc -std=gnu99 -o conftest -g -O2   -Wl,--undefined=pcap_compile_nopcap conftest.c -lpfring   >&5
/usr/bin/ld: cannot find -lpfring
collect2: ld returned 1 exit status
configure:15810: $? = 1
configure: failed program was:
| /* confdefs.h */
| #define PACKAGE_NAME "libcap_utils"
| #define PACKAGE_TARNAME "libcap_utils"
| #define PACKAGE_VERSION "0.7.8"
| #define PACKAGE_STRING "libcap_utils 0.7.8"
| #define PACKAGE_BUGREPORT "dsv@bth.se"
| #define PACKAGE_URL ""
| #define PACKAGE "libcap_utils"
| #define VERSION "0.7.8"
| #define VERSION_MAJOR 0
| #define VERSION_MINOR 7
| #define VERSION_MICRO 8
| #define VERSION_FULL "0.7.8"
| #define STDC_HEADERS 1
| #define HAVE_SYS_TYPES_H 1
| #define HAVE_SYS_STAT_H 1
| #define HAVE_STDLIB_H 1
| #define HAVE_STRING_H 1
| #define HAVE_MEMORY_H 1
| #define HAVE_STRINGS_H 1
| #define HAVE_INTTYPES_H 1
| #define HAVE_STDINT_H 1
| #define HAVE_UNISTD_H 1
| #define __EXTENSIONS__ 1
| #define _ALL_SOURCE 1
| #define _GNU_SOURCE 1
| #define _POSIX_PTHREAD_SEMANTICS 1
| #define _TANDEM_SOURCE 1
| #define HAVE_DLFCN_H 1
| #define LT_OBJDIR ".libs/"
| #define _FILE_OFFSET_BITS 64
| #define NDEBUG 1
| /* end confdefs.h.  */
| 
| /* Override any GCC internal prototype to avoid an error.
|    Use char because int might match the return type of a GCC
|    builtin and then its argument prototype would still apply.  */
| #ifdef __cplusplus
| extern "C"
| #endif
| char pfring_open ();
| int
| main ()
| {
| return pfring_open ();
|   ;
|   return 0;
| }
configure:15819: result: no
configure:15992: checking pcap/pcap.h usability
configure:15992: gcc -std=gnu99 -c -g -O2  conftest.c >&5
configure:15992: $? = 0
configure:15992: result: yes
configure:15992: checking pcap/pcap.h presence
configure:15992: gcc -std=gnu99 -E  conftest.c
configure:15992: $? = 0
configure:15992: result: yes
configure:15992: checking for pcap/pcap.h
configure:15992: result: yes
configure:15995: checking for pcap_close in -lpcap
configure:16020: gcc -std=gnu99 -o conftest -g -O2   conftest.c -lpcap   >&5
configure:16020: $? = 0
configure:16029: result: yes
configure:16105: checking for cppunit-config
configure:16136: result: no
configure:16146: checking for Cppunit - version >= 1.9.6
configure:16150: result: no
configure:16206: cppunit not found, tests disabled
configure:16401: creating ./config.status

## ---------------------- ##
## Running config.status. ##
## ---------------------- ##

This file was extended by libcap_utils config.status 0.7.8, which was
generated by GNU Autoconf 2.68.  Invocation command line was

  CONFIG_FILES    = 
  CONFIG_HEADERS  = 
  CONFIG_LINKS    = 
  CONFIG_COMMANDS = 
  $ ./config.status 

on mp

config.status:1202: creating libcap_filter-0.7.pc
config.status:1202: creating libcap_stream-0.7.pc
config.status:1202: creating libcap_marc-0.7.pc
config.status:1202: creating libcap_utils-0.7.pc
config.status:1202: creating caputils/version.h
config.status:1202: creating Makefile
config.status:1202: creating dist/deb-control
config.status:1202: creating config.h
config.status:1383: config.h is unchanged
config.status:1431: executing depfiles commands
config.status:1431: executing libtool commands

## ---------------- ##
## Cache variables. ##
## ---------------- ##

ac_cv_build=i686-pc-linux-gnu
ac_cv_c_compiler_gnu=yes
ac_cv_cxx_compiler_gnu=yes
ac_cv_env_CCC_set=
ac_cv_env_CCC_value=
ac_cv_env_CC_set=
ac_cv_env_CC_value=
ac_cv_env_CFLAGS_set=
ac_cv_env_CFLAGS_value=
ac_cv_env_CPPFLAGS_set=
ac_cv_env_CPPFLAGS_value=
ac_cv_env_CPP_set=
ac_cv_env_CPP_value=
ac_cv_env_CXXCPP_set=
ac_cv_env_CXXCPP_value=
ac_cv_env_CXXFLAGS_set=
ac_cv_env_CXXFLAGS_value=
ac_cv_env_CXX_set=
ac_cv_env_CXX_value=
ac_cv_env_LDFLAGS_set=
ac_cv_env_LDFLAGS_value=
ac_cv_env_LIBS_set=
ac_cv_env_LIBS_value=
ac_cv_env_build_alias_set=
ac_cv_env_build_alias_value=
ac_cv_env_host_alias_set=
ac_cv_env_host_alias_value=
ac_cv_env_target_alias_set=
ac_cv_env_target_alias_value=
ac_cv_header_dlfcn_h=yes
ac_cv_header_inttypes_h=yes
ac_cv_header_memory_h=yes
ac_cv_header_minix_config_h=no
ac_cv_header_pcap_pcap_h=yes
ac_cv_header_pfring_h=no
ac_cv_header_stdc=yes
ac_cv_header_stdint_h=yes
ac_cv_header_stdlib_h=yes
ac_cv_header_string_h=yes
ac_cv_header_strings_h=yes
ac_cv_header_sys_stat_h=yes
ac_cv_header_sys_types_h=yes
ac_cv_header_unistd_h=yes
ac_cv_host=i686-pc-linux-gnu
ac_cv_lib_pcap_pcap_close=yes
ac_cv_lib_pfring_pfring_open=no
ac_cv_objext=o
ac_cv_path_CPPUNIT_CONFIG=no
ac_cv_path_EGREP='/usr/bin/grep -E'
ac_cv_path_FGREP='/usr/bin/grep -F'
ac_cv_path_GREP=/usr/bin/grep
ac_cv_path_SED=/bin/sed
ac_cv_path_install='/usr/bin/install -c'
ac_cv_path_mkdir=/bin/mkdir
ac_cv_prog_AWK=gawk
ac_cv_prog_CPP='gcc -std=gnu99 -E'
ac_cv_prog_CXXCPP='g++ -E'
ac_cv_prog_ac_ct_AR=ar
ac_cv_prog_ac_ct_CC=gcc
ac_cv_prog_ac_ct_CXX=g++
ac_cv_prog_ac_ct_OBJDUMP=objdump
ac_cv_prog_ac_ct_RANLIB=ranlib
ac_cv_prog_ac_ct_STRIP=strip
ac_cv_prog_cc_c89=
ac_cv_prog_cc_c99=-std=gnu99
ac_cv_prog_cc_g=yes
ac_cv_prog_cc_gcc_c_o=yes
ac_cv_prog_cxx_g=yes
ac_cv_prog_make_make_set=yes
ac_cv_safe_to_define___extensions__=yes
ac_cv_sys_file_offset_bits=64
ac_cv_sys_largefile_CC=no
am_cv_CC_dependencies_compiler_type=gcc3
am_cv_CXX_dependencies_compiler_type=gcc3
am_cv_make_support_nested_variables=yes
lt_cv_ar_at_file=@
lt_cv_archive_cmds_need_lc=no
lt_cv_deplibs_check_method=pass_all
lt_cv_file_magic_cmd='$MAGIC_CMD'
lt_cv_file_magic_test_file=
lt_cv_ld_reload_flag=-r
lt_cv_nm_interface='BSD nm'
lt_cv_objdir=.libs
lt_cv_path_LD=/usr/bin/ld
lt_cv_path_LDCXX=/usr/bin/ld
lt_cv_path_NM='/usr/bin/nm -B'
lt_cv_path_mainfest_tool=no
lt_cv_prog_compiler_c_o=yes
lt_cv_prog_compiler_c_o_CXX=yes
lt_cv_prog_compiler_pic='-fPIC -DPIC'
lt_cv_prog_compiler_pic_CXX='-fPIC -DPIC'
lt_cv_prog_compiler_pic_works=yes
lt_cv_prog_compiler_pic_works_CXX=yes
lt_cv_prog_compiler_rtti_exceptions=no
lt_cv_prog_compiler_static_works=yes
lt_cv_prog_compiler_static_works_CXX=yes
lt_cv_prog_gnu_ld=yes
lt_cv_prog_gnu_ldcxx=yes
lt_cv_sharedlib_from_linklib_cmd='printf %s\n'
lt_cv_shlibpath_overrides_runpath=no
lt_cv_sys_global_symbol_pipe='sed -n -e '\''s/^.*[	 ]\([ABCDGIRSTW][ABCDGIRSTW]*\)[	 ][	 ]*\([_A-Za-z][_A-Za-z0-9]*\)$/\1 \2 \2/p'\'' | sed '\''/ __gnu_lto/d'\'''
lt_cv_sys_global_symbol_to_c_name_address='sed -n -e '\''s/^: \([^ ]*\)[ ]*$/  {\"\1\", (void *) 0},/p'\'' -e '\''s/^[ABCDGIRSTW]* \([^ ]*\) \([^ ]*\)$/  {"\2", (void *) \&\2},/p'\'''
lt_cv_sys_global_symbol_to_c_name_address_lib_prefix='sed -n -e '\''s/^: \([^ ]*\)[ ]*$/  {\"\1\", (void *) 0},/p'\'' -e '\''s/^[ABCDGIRSTW]* \([^ ]*\) \(lib[^ ]*\)$/  {"\2", (void *) \&\2},/p'\'' -e '\''s/^[ABCDGIRSTW]* \([^ ]*\) \([^ ]*\)$/  {"lib\2", (void *) \&\2},/p'\'''
lt_cv_sys_global_symbol_to_cdecl='sed -n -e '\''s/^T .* \(.*\)$/extern int \1();/p'\'' -e '\''s/^[ABCDGIRSTW]* .* \(.*\)$/extern char \1;/p'\'''
lt_cv_sys_max_cmd_len=98304
lt_cv_to_host_file_cmd=func_convert_file_noop
lt_cv_to_tool_file_cmd=func_convert_file_noop

## ----------------- ##
## Output variables. ##
## ----------------- ##

ACLOCAL='${SHELL} /usr/local/src/dpmi7/qod_libcap_utils-0.7.8/build-aux/missing --run aclocal-1.11'
AMDEPBACKSLASH='\'
AMDEP_FALSE='#'
AMDEP_TRUE=''
AMTAR='$${TAR-tar}'
AM_BACKSLASH='\'
AM_DEFAULT_V='$(AM_DEFAULT_VERBOSITY)'
AM_DEFAULT_VERBOSITY='0'
AM_V='$(V)'
AR='ar'
ARCH='i386'
AUTOCONF='${SHELL} /usr/local/src/dpmi7/qod_libcap_utils-0.7.8/build-aux/missing --run autoconf'
AUTOHEADER='${SHELL} /usr/local/src/dpmi7/qod_libcap_utils-0.7.8/build-aux/missing --run autoheader'
AUTOMAKE='${SHELL} /usr/local/src/dpmi7/qod_libcap_utils-0.7.8/build-aux/missing --run automake-1.11'
AWK='gawk'
BUILD_BE64TOH_FALSE='#'
BUILD_BE64TOH_TRUE=''
BUILD_CAPDUMP_FALSE='#'
BUILD_CAPDUMP_TRUE=''
BUILD_CAPFILTER_FALSE='#'
BUILD_CAPFILTER_TRUE=''
BUILD_CAPINFO_FALSE='#'
BUILD_CAPINFO_TRUE=''
BUILD_CAPMARKER_FALSE='#'
BUILD_CAPMARKER_TRUE=''
BUILD_CAPSHOW_FALSE='#'
BUILD_CAPSHOW_TRUE=''
BUILD_PCAP_FALSE='#'
BUILD_PCAP_TRUE=''
BUILD_PFRING_FALSE=''
BUILD_PFRING_TRUE='#'
BUILD_TESTS_FALSE=''
BUILD_TESTS_TRUE='#'
CC='gcc -std=gnu99'
CCDEPMODE='depmode=gcc3'
CFLAGS='-g -O2'
CPP='gcc -std=gnu99 -E'
CPPFLAGS=''
CPPUNIT_CFLAGS=''
CPPUNIT_CONFIG='no'
CPPUNIT_LIBS=''
CXX='g++'
CXXCPP='g++ -E'
CXXDEPMODE='depmode=gcc3'
CXXFLAGS='-g -O2'
CYGPATH_W='echo'
DEFS='-DHAVE_CONFIG_H'
DEPDIR='.deps'
DLLTOOL='false'
DSYMUTIL=''
DUMPBIN=''
ECHO_C=''
ECHO_N='-n'
ECHO_T=''
EGREP='/usr/bin/grep -E'
EXEEXT=''
FGREP='/usr/bin/grep -F'
GREP='/usr/bin/grep'
INSTALL_DATA='${INSTALL} -m 644'
INSTALL_PROGRAM='${INSTALL}'
INSTALL_SCRIPT='${INSTALL}'
INSTALL_STRIP_PROGRAM='$(install_sh) -c -s'
LD='/usr/bin/ld'
LDFLAGS=''
LIBOBJS=''
LIBS=''
LIBTOOL='$(SHELL) $(top_builddir)/libtool'
LIPO=''
LN_S='ln -s'
LTLIBOBJS=''
MAKEINFO='${SHELL} /usr/local/src/dpmi7/qod_libcap_utils-0.7.8/build-aux/missing --run makeinfo'
MANIFEST_TOOL=':'
MKDIR_P='/bin/mkdir -p'
NM='/usr/bin/nm -B'
NMEDIT=''
OBJDUMP='objdump'
OBJEXT='o'
OTOOL64=''
OTOOL=''
PACKAGE='libcap_utils'
PACKAGE_BUGREPORT='dsv@bth.se'
PACKAGE_NAME='libcap_utils'
PACKAGE_STRING='libcap_utils 0.7.8'
PACKAGE_TARNAME='libcap_utils'
PACKAGE_URL=''
PACKAGE_VERSION='0.7.8'
PATH_SEPARATOR=':'
PCAP_CFLAGS=''
PCAP_LIBS='-lpcap'
PFRING_CFLAGS=''
PFRING_LIBS=''
RANLIB='ranlib'
SED='/bin/sed'
SET_MAKE=''
SHELL='/bin/sh'
STRIP='strip'
VERSION='0.7.8'
VERSION_MAJOR='0'
VERSION_MICRO='8'
VERSION_MINOR='7'
ac_ct_AR='ar'
ac_ct_CC='gcc'
ac_ct_CXX='g++'
ac_ct_DUMPBIN=''
am__EXEEXT_FALSE=''
am__EXEEXT_TRUE='#'
am__fastdepCC_FALSE='#'
am__fastdepCC_TRUE=''
am__fastdepCXX_FALSE='#'
am__fastdepCXX_TRUE=''
am__include='include'
am__isrc=''
am__leading_dot='.'
am__nodep='_no'
am__quote=''
am__tar='$${TAR-tar} chof - "$$tardir"'
am__untar='$${TAR-tar} xf -'
bindir='${exec_prefix}/bin'
build='i686-pc-linux-gnu'
build_alias=''
build_cpu='i686'
build_os='linux-gnu'
build_vendor='pc'
datadir='${datarootdir}'
datarootdir='${prefix}/share'
docdir='${datarootdir}/doc/${PACKAGE_TARNAME}'
dvidir='${docdir}'
exec_prefix='${prefix}'
host='i686-pc-linux-gnu'
host_alias=''
host_cpu='i686'
host_os='linux-gnu'
host_vendor='pc'
htmldir='${docdir}'
includedir='${prefix}/include'
infodir='${datarootdir}/info'
install_sh='${SHELL} /usr/local/src/dpmi7/qod_libcap_utils-0.7.8/build-aux/install-sh'
libdir='${exec_prefix}/lib'
libexecdir='${exec_prefix}/libexec'
localedir='${datarootdir}/locale'
localstatedir='${prefix}/var'
mandir='${datarootdir}/man'
mkdir_p='/bin/mkdir -p'
oldincludedir='/usr/include'
pdfdir='${docdir}'
prefix='/usr/local'
program_transform_name='s,x,x,'
psdir='${docdir}'
sbindir='${exec_prefix}/sbin'
sharedstatedir='${prefix}/com'
sysconfdir='${prefix}/etc'
target_alias=''

## ----------- ##
## confdefs.h. ##
## ----------- ##

/* confdefs.h */
#define PACKAGE_NAME "libcap_utils"
#define PACKAGE_TARNAME "libcap_utils"
#define PACKAGE_VERSION "0.7.8"
#define PACKAGE_STRING "libcap_utils 0.7.8"
#define PACKAGE_BUGREPORT "dsv@bth.se"
#define PACKAGE_URL ""
#define PACKAGE "libcap_utils"
#define VERSION "0.7.8"
#define VERSION_MAJOR 0
#define VERSION_MINOR 7
#define VERSION_MICRO 8
#define VERSION_FULL "0.7.8"
#define STDC_HEADERS 1
#define HAVE_SYS_TYPES_H 1
#define HAVE_SYS_STAT_H 1
#define HAVE_STDLIB_H 1
#define HAVE_STRING_H 1
#define HAVE_MEMORY_H 1
#define HAVE_STRINGS_H 1
#define HAVE_INTTYPES_H 1
#define HAVE_STDINT_H 1
#define HAVE_UNISTD_H 1
#define __EXTENSIONS__ 1
#define _ALL_SOURCE 1
#define _GNU_SOURCE 1
#define _POSIX_PTHREAD_SEMANTICS 1
#define _TANDEM_SOURCE 1
#define HAVE_DLFCN_H 1
#define LT_OBJDIR ".libs/"
#define _FILE_OFFSET_BITS 64
#define NDEBUG 1
#define HAVE_PCAP 1

configure: exit 0
